<?xml version="1.0" ?>
<!DOCTYPE coverage SYSTEM "http://cobertura.sourceforge.net/xml/coverage-04.dtd">
<coverage lines-valid="150" lines-covered="93" line-rate="0.62" branches-valid="25" branches-covered="16" branch-rate="0.64" timestamp="1651896946852" complexity="0" version="0.1">
  <sources>
    <source>/app</source>
  </sources>
  <packages>
    <package name="controller" line-rate="0.5744" branch-rate="0.5384">
      <classes>
        <class name="userController.js" filename="src/controller/userController.js" line-rate="0.5744" branch-rate="0.5384">
          <methods>
            <method name="(anonymous_0)" hits="8" signature="()V">
              <lines>
                <line number="11" hits="8"/>
              </lines>
            </method>
            <method name="(anonymous_1)" hits="8" signature="()V">
              <lines>
                <line number="11" hits="8"/>
              </lines>
            </method>
            <method name="(anonymous_2)" hits="8" signature="()V">
              <lines>
                <line number="12" hits="8"/>
              </lines>
            </method>
            <method name="(anonymous_3)" hits="8" signature="()V">
              <lines>
                <line number="48" hits="8"/>
              </lines>
            </method>
            <method name="(anonymous_4)" hits="0" signature="()V">
              <lines>
                <line number="57" hits="0"/>
              </lines>
            </method>
            <method name="(anonymous_5)" hits="0" signature="()V">
              <lines>
                <line number="57" hits="0"/>
              </lines>
            </method>
            <method name="(anonymous_6)" hits="0" signature="()V">
              <lines>
                <line number="60" hits="0"/>
              </lines>
            </method>
            <method name="(anonymous_7)" hits="0" signature="()V">
              <lines>
                <line number="73" hits="0"/>
              </lines>
            </method>
            <method name="(anonymous_8)" hits="0" signature="()V">
              <lines>
                <line number="73" hits="0"/>
              </lines>
            </method>
            <method name="(anonymous_9)" hits="0" signature="()V">
              <lines>
                <line number="78" hits="0"/>
              </lines>
            </method>
          </methods>
          <lines>
            <line number="4" hits="1" branch="false"/>
            <line number="5" hits="1" branch="false"/>
            <line number="7" hits="1" branch="false"/>
            <line number="8" hits="1" branch="false"/>
            <line number="10" hits="1" branch="false"/>
            <line number="11" hits="8" branch="false"/>
            <line number="12" hits="8" branch="false"/>
            <line number="13" hits="8" branch="true" condition-coverage="100% (2/2)"/>
            <line number="14" hits="1" branch="false"/>
            <line number="16" hits="7" branch="false"/>
            <line number="17" hits="7" branch="false"/>
            <line number="18" hits="4" branch="true" condition-coverage="75% (3/4)"/>
            <line number="20" hits="2" branch="true" condition-coverage="66.66666666666666% (2/3)"/>
            <line number="22" hits="1" branch="false"/>
            <line number="23" hits="1" branch="false"/>
            <line number="25" hits="1" branch="false"/>
            <line number="26" hits="1" branch="false"/>
            <line number="28" hits="0" branch="false"/>
            <line number="30" hits="2" branch="false"/>
            <line number="32" hits="1" branch="false"/>
            <line number="33" hits="1" branch="false"/>
            <line number="35" hits="1" branch="false"/>
            <line number="36" hits="1" branch="false"/>
            <line number="38" hits="0" branch="false"/>
            <line number="41" hits="3" branch="false"/>
            <line number="43" hits="7" branch="false"/>
            <line number="51" hits="8" branch="false"/>
            <line number="52" hits="4" branch="false"/>
            <line number="54" hits="4" branch="false"/>
            <line number="57" hits="0" branch="false"/>
            <line number="58" hits="0" branch="false"/>
            <line number="59" hits="0" branch="false"/>
            <line number="60" hits="0" branch="false"/>
            <line number="61" hits="0" branch="true" condition-coverage="0% (0/2)"/>
            <line number="62" hits="0" branch="false"/>
            <line number="64" hits="0" branch="false"/>
            <line number="67" hits="0" branch="false"/>
            <line number="69" hits="0" branch="false"/>
            <line number="73" hits="0" branch="false"/>
            <line number="74" hits="0" branch="false"/>
            <line number="75" hits="0" branch="false"/>
            <line number="77" hits="0" branch="false"/>
            <line number="79" hits="0" branch="true" condition-coverage="0% (0/2)"/>
            <line number="80" hits="0" branch="false"/>
            <line number="81" hits="0" branch="false"/>
            <line number="86" hits="0" branch="false"/>
            <line number="92" hits="0" branch="false"/>
          </lines>
        </class>
      </classes>
    </package>
    <package name="repository" line-rate="0.6774" branch-rate="0.9">
      <classes>
        <class name="userRepository.js" filename="src/repository/userRepository.js" line-rate="0.6774" branch-rate="0.9">
          <methods>
            <method name="(anonymous_0)" hits="7" signature="()V">
              <lines>
                <line number="6" hits="7"/>
              </lines>
            </method>
            <method name="(anonymous_1)" hits="7" signature="()V">
              <lines>
                <line number="6" hits="7"/>
              </lines>
            </method>
            <method name="(anonymous_2)" hits="4" signature="()V">
              <lines>
                <line number="11" hits="4"/>
              </lines>
            </method>
            <method name="(anonymous_3)" hits="3" signature="()V">
              <lines>
                <line number="14" hits="3"/>
              </lines>
            </method>
            <method name="(anonymous_4)" hits="1" signature="()V">
              <lines>
                <line number="19" hits="1"/>
              </lines>
            </method>
            <method name="(anonymous_5)" hits="1" signature="()V">
              <lines>
                <line number="19" hits="1"/>
              </lines>
            </method>
            <method name="(anonymous_6)" hits="1" signature="()V">
              <lines>
                <line number="24" hits="1"/>
              </lines>
            </method>
            <method name="(anonymous_7)" hits="0" signature="()V">
              <lines>
                <line number="27" hits="0"/>
              </lines>
            </method>
            <method name="(anonymous_8)" hits="1" signature="()V">
              <lines>
                <line number="32" hits="1"/>
              </lines>
            </method>
            <method name="(anonymous_9)" hits="1" signature="()V">
              <lines>
                <line number="32" hits="1"/>
              </lines>
            </method>
            <method name="(anonymous_10)" hits="1" signature="()V">
              <lines>
                <line number="37" hits="1"/>
              </lines>
            </method>
            <method name="(anonymous_11)" hits="0" signature="()V">
              <lines>
                <line number="40" hits="0"/>
              </lines>
            </method>
            <method name="(anonymous_12)" hits="1" signature="()V">
              <lines>
                <line number="45" hits="1"/>
              </lines>
            </method>
            <method name="(anonymous_13)" hits="1" signature="()V">
              <lines>
                <line number="45" hits="1"/>
              </lines>
            </method>
            <method name="(anonymous_14)" hits="1" signature="()V">
              <lines>
                <line number="50" hits="1"/>
              </lines>
            </method>
            <method name="(anonymous_15)" hits="0" signature="()V">
              <lines>
                <line number="53" hits="0"/>
              </lines>
            </method>
            <method name="(anonymous_16)" hits="1" signature="()V">
              <lines>
                <line number="58" hits="1"/>
              </lines>
            </method>
            <method name="(anonymous_17)" hits="1" signature="()V">
              <lines>
                <line number="58" hits="1"/>
              </lines>
            </method>
            <method name="(anonymous_18)" hits="1" signature="()V">
              <lines>
                <line number="63" hits="1"/>
              </lines>
            </method>
            <method name="(anonymous_19)" hits="0" signature="()V">
              <lines>
                <line number="66" hits="0"/>
              </lines>
            </method>
            <method name="(anonymous_20)" hits="8" signature="()V">
              <lines>
                <line number="71" hits="8"/>
              </lines>
            </method>
            <method name="(anonymous_21)" hits="8" signature="()V">
              <lines>
                <line number="73" hits="8"/>
              </lines>
            </method>
            <method name="(anonymous_22)" hits="4" signature="()V">
              <lines>
                <line number="87" hits="4"/>
              </lines>
            </method>
            <method name="(anonymous_23)" hits="0" signature="()V">
              <lines>
                <line number="126" hits="0"/>
              </lines>
            </method>
            <method name="(anonymous_24)" hits="0" signature="()V">
              <lines>
                <line number="128" hits="0"/>
              </lines>
            </method>
            <method name="(anonymous_25)" hits="0" signature="()V">
              <lines>
                <line number="133" hits="0"/>
              </lines>
            </method>
            <method name="(anonymous_26)" hits="0" signature="()V">
              <lines>
                <line number="137" hits="0"/>
              </lines>
            </method>
            <method name="(anonymous_27)" hits="0" signature="()V">
              <lines>
                <line number="146" hits="0"/>
              </lines>
            </method>
            <method name="(anonymous_28)" hits="0" signature="()V">
              <lines>
                <line number="146" hits="0"/>
              </lines>
            </method>
            <method name="(anonymous_29)" hits="0" signature="()V">
              <lines>
                <line number="149" hits="0"/>
              </lines>
            </method>
            <method name="(anonymous_30)" hits="0" signature="()V">
              <lines>
                <line number="150" hits="0"/>
              </lines>
            </method>
          </methods>
          <lines>
            <line number="2" hits="1" branch="false"/>
            <line number="3" hits="1" branch="false"/>
            <line number="5" hits="1" branch="false"/>
            <line number="6" hits="7" branch="false"/>
            <line number="7" hits="7" branch="false"/>
            <line number="12" hits="4" branch="false"/>
            <line number="15" hits="3" branch="false"/>
            <line number="19" hits="1" branch="false"/>
            <line number="20" hits="1" branch="false"/>
            <line number="25" hits="1" branch="false"/>
            <line number="28" hits="0" branch="false"/>
            <line number="32" hits="1" branch="false"/>
            <line number="33" hits="1" branch="false"/>
            <line number="38" hits="1" branch="false"/>
            <line number="41" hits="0" branch="false"/>
            <line number="45" hits="1" branch="false"/>
            <line number="46" hits="1" branch="false"/>
            <line number="51" hits="1" branch="false"/>
            <line number="54" hits="0" branch="false"/>
            <line number="58" hits="1" branch="false"/>
            <line number="59" hits="1" branch="false"/>
            <line number="64" hits="1" branch="false"/>
            <line number="67" hits="0" branch="false"/>
            <line number="73" hits="8" branch="false"/>
            <line number="74" hits="8" branch="false"/>
            <line number="75" hits="8" branch="false"/>
            <line number="76" hits="8" branch="false"/>
            <line number="77" hits="8" branch="true" condition-coverage="50% (1/2)"/>
            <line number="78" hits="4" branch="false"/>
            <line number="80" hits="0" branch="false"/>
            <line number="83" hits="4" branch="false"/>
            <line number="88" hits="4" branch="false"/>
            <line number="89" hits="4" branch="false"/>
            <line number="91" hits="4" branch="false"/>
            <line number="93" hits="4" branch="false"/>
            <line number="94" hits="4" branch="true" condition-coverage="100% (2/2)"/>
            <line number="95" hits="1" branch="false"/>
            <line number="98" hits="4" branch="false"/>
            <line number="99" hits="4" branch="true" condition-coverage="100% (2/2)"/>
            <line number="100" hits="1" branch="false"/>
            <line number="103" hits="4" branch="false"/>
            <line number="104" hits="4" branch="true" condition-coverage="100% (2/2)"/>
            <line number="105" hits="1" branch="false"/>
            <line number="108" hits="4" branch="false"/>
            <line number="109" hits="4" branch="true" condition-coverage="100% (2/2)"/>
            <line number="110" hits="1" branch="false"/>
            <line number="113" hits="4" branch="false"/>
            <line number="121" hits="0" branch="false"/>
            <line number="123" hits="0" branch="false"/>
            <line number="127" hits="0" branch="false"/>
            <line number="128" hits="0" branch="false"/>
            <line number="129" hits="0" branch="false"/>
            <line number="134" hits="0" branch="false"/>
            <line number="135" hits="0" branch="false"/>
            <line number="138" hits="0" branch="false"/>
            <line number="142" hits="0" branch="false"/>
            <line number="146" hits="0" branch="false"/>
            <line number="147" hits="0" branch="false"/>
            <line number="148" hits="0" branch="false"/>
            <line number="149" hits="0" branch="false"/>
            <line number="150" hits="0" branch="false"/>
            <line number="152" hits="0" branch="false"/>
          </lines>
        </class>
      </classes>
    </package>
    <package name="routes" line-rate="0.6285000000000001" branch-rate="0">
      <classes>
        <class name="router.js" filename="src/routes/router.js" line-rate="1" branch-rate="1">
          <methods>
            <method name="(anonymous_0)" hits="1" signature="()V">
              <lines>
                <line number="3" hits="1"/>
              </lines>
            </method>
          </methods>
          <lines>
            <line number="1" hits="1" branch="false"/>
            <line number="3" hits="1" branch="false"/>
            <line number="4" hits="1" branch="false"/>
          </lines>
        </class>
        <class name="userRouter.js" filename="src/routes/userRouter.js" line-rate="0.5937" branch-rate="0">
          <methods>
            <method name="(anonymous_0)" hits="8" signature="()V">
              <lines>
                <line number="7" hits="8"/>
              </lines>
            </method>
            <method name="(anonymous_1)" hits="4" signature="()V">
              <lines>
                <line number="9" hits="4"/>
              </lines>
            </method>
            <method name="(anonymous_2)" hits="4" signature="()V">
              <lines>
                <line number="11" hits="4"/>
              </lines>
            </method>
            <method name="(anonymous_3)" hits="8" signature="()V">
              <lines>
                <line number="16" hits="8"/>
              </lines>
            </method>
            <method name="(anonymous_4)" hits="4" signature="()V">
              <lines>
                <line number="18" hits="4"/>
              </lines>
            </method>
            <method name="(anonymous_5)" hits="4" signature="()V">
              <lines>
                <line number="20" hits="4"/>
              </lines>
            </method>
            <method name="(anonymous_6)" hits="0" signature="()V">
              <lines>
                <line number="25" hits="0"/>
              </lines>
            </method>
            <method name="(anonymous_7)" hits="0" signature="()V">
              <lines>
                <line number="26" hits="0"/>
              </lines>
            </method>
            <method name="(anonymous_8)" hits="0" signature="()V">
              <lines>
                <line number="31" hits="0"/>
              </lines>
            </method>
            <method name="(anonymous_9)" hits="0" signature="()V">
              <lines>
                <line number="38" hits="0"/>
              </lines>
            </method>
            <method name="(anonymous_10)" hits="0" signature="()V">
              <lines>
                <line number="40" hits="0"/>
              </lines>
            </method>
            <method name="(anonymous_11)" hits="0" signature="()V">
              <lines>
                <line number="42" hits="0"/>
              </lines>
            </method>
            <method name="(anonymous_12)" hits="0" signature="()V">
              <lines>
                <line number="47" hits="0"/>
              </lines>
            </method>
            <method name="(anonymous_13)" hits="0" signature="()V">
              <lines>
                <line number="50" hits="0"/>
              </lines>
            </method>
            <method name="(anonymous_14)" hits="0" signature="()V">
              <lines>
                <line number="56" hits="0"/>
              </lines>
            </method>
          </methods>
          <lines>
            <line number="1" hits="1" branch="false"/>
            <line number="3" hits="1" branch="false"/>
            <line number="4" hits="1" branch="false"/>
            <line number="5" hits="1" branch="false"/>
            <line number="7" hits="1" branch="false"/>
            <line number="8" hits="8" branch="false"/>
            <line number="9" hits="8" branch="false"/>
            <line number="10" hits="4" branch="false"/>
            <line number="12" hits="4" branch="false"/>
            <line number="16" hits="1" branch="false"/>
            <line number="17" hits="8" branch="false"/>
            <line number="18" hits="8" branch="false"/>
            <line number="19" hits="4" branch="false"/>
            <line number="21" hits="4" branch="false"/>
            <line number="25" hits="1" branch="false"/>
            <line number="26" hits="0" branch="false"/>
            <line number="27" hits="0" branch="false"/>
            <line number="31" hits="1" branch="false"/>
            <line number="32" hits="0" branch="false"/>
            <line number="38" hits="1" branch="false"/>
            <line number="39" hits="0" branch="false"/>
            <line number="40" hits="0" branch="false"/>
            <line number="41" hits="0" branch="false"/>
            <line number="43" hits="0" branch="false"/>
            <line number="47" hits="1" branch="false"/>
            <line number="48" hits="0" branch="false"/>
            <line number="50" hits="0" branch="false"/>
            <line number="51" hits="0" branch="true" condition-coverage="0% (0/2)"/>
            <line number="52" hits="0" branch="false"/>
            <line number="54" hits="0" branch="false"/>
            <line number="57" hits="0" branch="false"/>
            <line number="61" hits="1" branch="false"/>
          </lines>
        </class>
      </classes>
    </package>
    <package name="services" line-rate="0.3333" branch-rate="1">
      <classes>
        <class name="emailService.js" filename="src/services/emailService.js" line-rate="0.3333" branch-rate="1">
          <methods>
            <method name="(anonymous_0)" hits="0" signature="()V">
              <lines>
                <line number="4" hits="0"/>
              </lines>
            </method>
          </methods>
          <lines>
            <line number="1" hits="1" branch="false"/>
            <line number="3" hits="1" branch="false"/>
            <line number="5" hits="0" branch="false"/>
            <line number="15" hits="0" branch="false"/>
            <line number="17" hits="0" branch="false"/>
            <line number="30" hits="0" branch="false"/>
          </lines>
        </class>
      </classes>
    </package>
  </packages>
</coverage>
